[debug] [2025-09-07T12:59:46.788Z] ----------------------------------------------------------------------
[debug] [2025-09-07T12:59:46.791Z] Command:       C:\Program Files\nodejs\node.exe C:\Users\Izhar\AppData\Roaming\npm\node_modules\firebase-tools\lib\bin\firebase.js init hosting
[debug] [2025-09-07T12:59:46.792Z] CLI Version:   14.0.1
[debug] [2025-09-07T12:59:46.792Z] Platform:      win32
[debug] [2025-09-07T12:59:46.792Z] Node Version:  v20.15.1
[debug] [2025-09-07T12:59:46.792Z] Time:          Sun Sep 07 2025 18:29:46 GMT+0530 (India Standard Time)
[debug] [2025-09-07T12:59:46.792Z] ----------------------------------------------------------------------
[debug] 
[debug] [2025-09-07T12:59:46.796Z] >>> [apiv2][query] GET https://firebase-public.firebaseio.com/cli.json [none]
[debug] [2025-09-07T12:59:46.832Z] > command requires scopes: ["email","openid","https://www.googleapis.com/auth/cloudplatformprojects.readonly","https://www.googleapis.com/auth/firebase","https://www.googleapis.com/auth/cloud-platform"]
[debug] [2025-09-07T12:59:46.832Z] > authorizing via signed-in user (izhar081294@gmail.com)
[info] 
     ######## #### ########  ######## ########     ###     ######  ########
     ##        ##  ##     ## ##       ##     ##  ##   ##  ##       ##
     ######    ##  ########  ######   ########  #########  ######  ######
     ##        ##  ##    ##  ##       ##     ## ##     ##       ## ##
     ##       #### ##     ## ######## ########  ##     ##  ######  ########

You're about to initialize a Firebase project in this directory:

  D:\Dev\MealPlanner

[debug] [2025-09-07T12:59:47.896Z] <<< [apiv2][status] GET https://firebase-public.firebaseio.com/cli.json 200
[debug] [2025-09-07T12:59:47.896Z] <<< [apiv2][body] GET https://firebase-public.firebaseio.com/cli.json {"cloudBuildErrorAfter":1594252800000,"cloudBuildWarnAfter":1590019200000,"defaultNode10After":1594252800000,"minVersion":"3.0.5","node8DeploysDisabledAfter":1613390400000,"node8RuntimeDisabledAfter":1615809600000,"node8WarnAfter":1600128000000}
[info] 
=== Project Setup
[info] 
[info] First, let's associate this project directory with a Firebase project.
[info] You can create multiple project aliases by running firebase use --add, 
[info] but for now we'll just set up a default project.
[info] 
[debug] [2025-09-07T12:59:51.346Z] Checked if tokens are valid: false, expires at: 1743530481558
[debug] [2025-09-07T12:59:51.347Z] Checked if tokens are valid: false, expires at: 1743530481558
[debug] [2025-09-07T12:59:51.347Z] > refreshing access token with scopes: []
[debug] [2025-09-07T12:59:51.348Z] >>> [apiv2][query] POST https://www.googleapis.com/oauth2/v3/token [none]
[debug] [2025-09-07T12:59:51.348Z] >>> [apiv2][body] POST https://www.googleapis.com/oauth2/v3/token [omitted]
[debug] [2025-09-07T12:59:51.888Z] <<< [apiv2][status] POST https://www.googleapis.com/oauth2/v3/token 200
[debug] [2025-09-07T12:59:51.888Z] <<< [apiv2][body] POST https://www.googleapis.com/oauth2/v3/token [omitted]
[debug] [2025-09-07T12:59:51.895Z] >>> [apiv2][query] GET https://firebase.googleapis.com/v1beta1/projects pageSize=100
[debug] [2025-09-07T12:59:52.910Z] <<< [apiv2][status] GET https://firebase.googleapis.com/v1beta1/projects 200
[debug] [2025-09-07T12:59:52.910Z] <<< [apiv2][body] GET https://firebase.googleapis.com/v1beta1/projects [omitted]
[info] i  Using project ticketdistro-211db (TicketDistro) 
[info] 
=== Hosting Setup
[debug] [2025-09-07T12:59:52.924Z] Checked if tokens are valid: true, expires at: 1757253590888
[debug] [2025-09-07T12:59:52.924Z] Checked if tokens are valid: true, expires at: 1757253590888
[debug] [2025-09-07T12:59:52.924Z] >>> [apiv2][query] GET https://firebase.googleapis.com/v1beta1/projects/ticketdistro-211db [none]
[debug] [2025-09-07T12:59:53.422Z] <<< [apiv2][status] GET https://firebase.googleapis.com/v1beta1/projects/ticketdistro-211db 200
[debug] [2025-09-07T12:59:53.422Z] <<< [apiv2][body] GET https://firebase.googleapis.com/v1beta1/projects/ticketdistro-211db {"projectId":"ticketdistro-211db","projectNumber":"18027535020","displayName":"TicketDistro","name":"projects/ticketdistro-211db","resources":{"hostingSite":"ticketdistro-211db","realtimeDatabaseInstance":"ticketdistro-211db-default-rtdb"},"state":"ACTIVE","etag":"1_10feba00-761e-429d-b32b-204481a01785"}
[info] 
[info] Your public directory is the folder (relative to your project directory) that
[info] will contain Hosting assets to be uploaded with firebase deploy. If you
[info] have a build process for your assets, use your build's output directory.
[info] 
[debug] [2025-09-07T12:59:59.523Z] >>> [apiv2][query] GET https://www.gstatic.com/firebasejs/releases.json [none]
[debug] [2025-09-07T12:59:59.976Z] <<< [apiv2][status] GET https://www.gstatic.com/firebasejs/releases.json 200
[debug] [2025-09-07T12:59:59.976Z] <<< [apiv2][body] GET https://www.gstatic.com/firebasejs/releases.json {"current":{"version":"12.2.1","browserURL":"https://www.gstatic.com/firebasejs/12.2.1/firebase.js","packageURL":"https://www.gstatic.com/firebasejs/12.2.1/firebase.tgz"},"live":{"version":"12.2","browserURL":"https://www.gstatic.com/firebasejs/live/12.2/firebase.js","packageURL":"https://www.gstatic.com/firebasejs/live/12.2/firebase.tgz"},"components":{"ai":"https://www.gstatic.com/firebasejs/12.2.1/firebase-ai.js","analytics":"https://www.gstatic.com/firebasejs/12.2.1/firebase-analytics.js","app":"https://www.gstatic.com/firebasejs/12.2.1/firebase-app.js","app-check":"https://www.gstatic.com/firebasejs/12.2.1/firebase-app-check.js","auth":"https://www.gstatic.com/firebasejs/12.2.1/firebase-auth.js","auth/cordova":"https://www.gstatic.com/firebasejs/12.2.1/firebase-auth/cordova.js","auth/web-extension":"https://www.gstatic.com/firebasejs/12.2.1/firebase-auth/web-extension.js","functions":"https://www.gstatic.com/firebasejs/12.2.1/firebase-functions.js","firestore":"https://www.gstatic.com/firebasejs/12.2.1/firebase-firestore.js","firestore/lite":"https://www.gstatic.com/firebasejs/12.2.1/firebase-firestore/lite.js","installations":"https://www.gstatic.com/firebasejs/12.2.1/firebase-installations.js","storage":"https://www.gstatic.com/firebasejs/12.2.1/firebase-storage.js","performance":"https://www.gstatic.com/firebasejs/12.2.1/firebase-performance.js","remote-config":"https://www.gstatic.com/firebasejs/12.2.1/firebase-remote-config.js","messaging":"https://www.gstatic.com/firebasejs/12.2.1/firebase-messaging.js","messaging/sw":"https://www.gstatic.com/firebasejs/12.2.1/firebase-messaging/sw.js","database":"https://www.gstatic.com/firebasejs/12.2.1/firebase-database.js","data-connect":"https://www.gstatic.com/firebasejs/12.2.1/firebase-data-connect.js","firestore.memory":"https://www.gstatic.com/firebasejs/12.2.1/firebase-firestore.memory.js"}}
[info] +  Wrote public/index.html 
[info] 
[info] i  Didn't detect a .git folder. Assuming D:\Dev\MealPlanner is the project root. 
[info] i  Authorizing with GitHub to upload your service account to a GitHub repository's secrets store. 
[info] 
[info] Visit this URL on this device to log in:
[info] https://github.com/login/oauth/authorize?client_id=89cf50f02ac6aaed3484&state=252032379&redirect_uri=http%3A%2F%2Flocalhost%3A9005&scope=read%3Auser%20repo%20public_repo
[info] 
[info] Waiting for authentication...
[debug] [2025-09-07T13:00:01.006Z] >>> [apiv2][query] POST https://github.com/login/oauth/access_token [none]
[debug] [2025-09-07T13:00:01.006Z] >>> [apiv2][body] POST https://github.com/login/oauth/access_token [stream]
[debug] [2025-09-07T13:00:01.717Z] <<< [apiv2][status] POST https://github.com/login/oauth/access_token 200
[debug] [2025-09-07T13:00:01.717Z] <<< [apiv2][body] POST https://github.com/login/oauth/access_token {"access_token":"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","token_type":"bearer","scope":"read:user,repo"}
[debug] [2025-09-07T13:00:01.721Z] >>> [apiv2][query] GET https://api.github.com/user [none]
[debug] [2025-09-07T13:00:02.459Z] <<< [apiv2][status] GET https://api.github.com/user 200
[debug] [2025-09-07T13:00:02.459Z] <<< [apiv2][body] GET https://api.github.com/user {"login":"izhar850","id":73383262,"node_id":"MDQ6VXNlcjczMzgzMjYy","avatar_url":"https://avatars.githubusercontent.com/u/73383262?v=4","gravatar_id":"","url":"https://api.github.com/users/izhar850","html_url":"https://github.com/izhar850","followers_url":"https://api.github.com/users/izhar850/followers","following_url":"https://api.github.com/users/izhar850/following{/other_user}","gists_url":"https://api.github.com/users/izhar850/gists{/gist_id}","starred_url":"https://api.github.com/users/izhar850/starred{/owner}{/repo}","subscriptions_url":"https://api.github.com/users/izhar850/subscriptions","organizations_url":"https://api.github.com/users/izhar850/orgs","repos_url":"https://api.github.com/users/izhar850/repos","events_url":"https://api.github.com/users/izhar850/events{/privacy}","received_events_url":"https://api.github.com/users/izhar850/received_events","type":"User","user_view_type":"private","site_admin":false,"name":null,"company":null,"blog":"","location":null,"email":null,"hireable":null,"bio":null,"twitter_username":null,"notification_email":null,"public_repos":19,"public_gists":0,"followers":0,"following":0,"created_at":"2020-10-24T08:25:55Z","updated_at":"2025-09-07T12:35:48Z","private_gists":0,"total_private_repos":0,"owned_private_repos":0,"disk_usage":106149,"collaborators":0,"two_factor_authentication":false,"plan":{"name":"free","space":976562499,"collaborators":0,"private_repos":10000}}
[info] 
[info] +  Success! Logged into GitHub as izhar850 
[info] 
[debug] [2025-09-07T13:00:07.645Z] >>> [apiv2][query] GET https://api.github.com/repos//actions/secrets/public-key type=owner
[debug] [2025-09-07T13:00:08.273Z] <<< [apiv2][status] GET https://api.github.com/repos//actions/secrets/public-key 404
[debug] [2025-09-07T13:00:08.274Z] <<< [apiv2][body] GET https://api.github.com/repos//actions/secrets/public-key {"message":"Not Found","documentation_url":"https://docs.github.com/rest","status":"404"}
[info] 
[info] 
[error] !  The provided authorization cannot be used with this repository. If this repository is in an organization, did you remember to grant access? 
[info] 
[info] i  Action required: Visit this URL to ensure access has been granted to the appropriate organization(s) for the Firebase CLI GitHub OAuth App: 
[info] https://github.com/settings/connections/applications/89cf50f02ac6aaed3484
[info] 
[debug] [2025-09-07T13:00:09.286Z] >>> [apiv2][query] GET https://api.github.com/repos//actions/secrets/public-key type=owner
[debug] [2025-09-07T13:00:09.809Z] <<< [apiv2][status] GET https://api.github.com/repos//actions/secrets/public-key 404
[debug] [2025-09-07T13:00:09.809Z] <<< [apiv2][body] GET https://api.github.com/repos//actions/secrets/public-key {"message":"Not Found","documentation_url":"https://docs.github.com/rest","status":"404"}
[info] 
[info] 
[error] !  The provided authorization cannot be used with this repository. If this repository is in an organization, did you remember to grant access? 
[info] 
[info] i  Action required: Visit this URL to ensure access has been granted to the appropriate organization(s) for the Firebase CLI GitHub OAuth App: 
[info] https://github.com/settings/connections/applications/89cf50f02ac6aaed3484
[info] 
[debug] [2025-09-07T13:00:10.446Z] >>> [apiv2][query] GET https://api.github.com/repos//actions/secrets/public-key type=owner
[debug] [2025-09-07T13:00:10.953Z] <<< [apiv2][status] GET https://api.github.com/repos//actions/secrets/public-key 404
[debug] [2025-09-07T13:00:10.953Z] <<< [apiv2][body] GET https://api.github.com/repos//actions/secrets/public-key {"message":"Not Found","documentation_url":"https://docs.github.com/rest","status":"404"}
[info] 
[info] 
[error] !  The provided authorization cannot be used with this repository. If this repository is in an organization, did you remember to grant access? 
[info] 
[info] i  Action required: Visit this URL to ensure access has been granted to the appropriate organization(s) for the Firebase CLI GitHub OAuth App: 
[info] https://github.com/settings/connections/applications/89cf50f02ac6aaed3484
[info] 
[debug] [2025-09-07T13:00:23.669Z] >>> [apiv2][query] GET https://api.github.com/repos/Y/actions/secrets/public-key type=owner
[debug] [2025-09-07T13:00:24.368Z] <<< [apiv2][status] GET https://api.github.com/repos/Y/actions/secrets/public-key 404
[debug] [2025-09-07T13:00:24.368Z] <<< [apiv2][body] GET https://api.github.com/repos/Y/actions/secrets/public-key {"message":"Not Found","documentation_url":"https://docs.github.com/rest","status":"404"}
[info] 
[info] 
[error] !  The provided authorization cannot be used with this repository. If this repository is in an organization, did you remember to grant access? 
[info] 
[info] i  Action required: Visit this URL to ensure access has been granted to the appropriate organization(s) for the Firebase CLI GitHub OAuth App: 
[info] https://github.com/settings/connections/applications/89cf50f02ac6aaed3484
[info] 
[debug] [2025-09-07T13:01:01.495Z] >>> [apiv2][query] GET https://api.github.com/repos/USER/actions/secrets/public-key type=owner
[debug] [2025-09-07T13:01:02.152Z] <<< [apiv2][status] GET https://api.github.com/repos/USER/actions/secrets/public-key 404
[debug] [2025-09-07T13:01:02.152Z] <<< [apiv2][body] GET https://api.github.com/repos/USER/actions/secrets/public-key {"message":"Not Found","documentation_url":"https://docs.github.com/rest","status":"404"}
[info] 
[info] 
[error] !  The provided authorization cannot be used with this repository. If this repository is in an organization, did you remember to grant access? 
[info] 
[info] i  Action required: Visit this URL to ensure access has been granted to the appropriate organization(s) for the Firebase CLI GitHub OAuth App: 
[info] https://github.com/settings/connections/applications/89cf50f02ac6aaed3484
[info] 
